
Showing logs for build [32mcb-kubecd-environment-pr-187-19-d74vh-1[0m stage [32mfrom-build-pack[0m and container [32mstep-credential-initializer-xpqr4[0m
{"level":"warn","ts":1585097501.241565,"logger":"fallback-logger","caller":"logging/config.go:69","msg":"Fetch GitHub commit ID from kodata failed: \"ref: refs/heads/0.8.0-**-support-backwards-incompats\" is not a valid GitHub commit ID"}
{"level":"info","ts":1585097501.242477,"logger":"fallback-logger","caller":"creds-init/main.go:40","msg":"Credentials initialized."}

Showing logs for build [32mcb-kubecd-environment-pr-187-19-d74vh-1[0m stage [32mfrom-build-pack[0m and container [32mstep-working-dir-initializer-jmpkr[0m
{"level":"warn","ts":1585097502.5884871,"logger":"fallback-logger","caller":"logging/config.go:69","msg":"Fetch GitHub commit ID from kodata failed: open /var/run/ko/HEAD: no such file or directory"}
{"level":"info","ts":1585097502.5904334,"logger":"fallback-logger","caller":"bash/main.go:64","msg":"Successfully executed command \"sh -c mkdir -p /workspace/source\"; output "}

Showing logs for build [32mcb-kubecd-environment-pr-187-19-d74vh-1[0m stage [32mfrom-build-pack[0m and container [32mstep-place-tools[0m

Showing logs for build [32mcb-kubecd-environment-pr-187-19-d74vh-1[0m stage [32mfrom-build-pack[0m and container [32mstep-git-source-cb-kubecd-environment-pr-187-19-d74vh-rks84[0m
{"level":"warn","ts":1585097506.731356,"logger":"fallback-logger","caller":"logging/config.go:69","msg":"Fetch GitHub commit ID from kodata failed: \"ref: refs/heads/0.8.0-**-support-backwards-incompats\" is not a valid GitHub commit ID"}
{"level":"info","ts":1585097507.7350678,"logger":"fallback-logger","caller":"git/git.go:103","msg":"Successfully cloned https://github.com/cb-kubecd/environment-pr-187-190-boot-vault-gke-production.git @ master in path /workspace/source"}

Showing logs for build [32mcb-kubecd-environment-pr-187-19-d74vh-1[0m stage [32mfrom-build-pack[0m and container [32mstep-git-merge[0m
Using SHAs from PULL_REFS=master:c42e7eb4674c3d1505633ad0414c27fd9cc46e0f,1:31f332397bd7457164d07398d3cb625d307dfe3d
DEBUG: LC_ALL=C JX_LOG_LEVEL=error git fetch origin --unshallow 31f332397bd7457164d07398d3cb625d307dfe3d: c42e7eb4674c3d1505633ad0414c27fd9cc46e0f:
DEBUG: ran git fetch --unshallow origin 31f332397bd7457164d07398d3cb625d307dfe3d: c42e7eb4674c3d1505633ad0414c27fd9cc46e0f: in 
DEBUG: LC_ALL=C JX_LOG_LEVEL=error git branch
DEBUG: JX_LOG_LEVEL=error LC_ALL=C git checkout master
DEBUG: ran git checkout master in 
DEBUG: LC_ALL=C JX_LOG_LEVEL=error git reset --hard c42e7eb4674c3d1505633ad0414c27fd9cc46e0f
DEBUG: ran git reset --hard c42e7eb4674c3d1505633ad0414c27fd9cc46e0f in 
DEBUG: LC_ALL=C JX_LOG_LEVEL=error git clean -fd .
DEBUG: ran clean --force -d . in 
DEBUG: LC_ALL=C JX_LOG_LEVEL=error git merge 31f332397bd7457164d07398d3cb625d307dfe3d
DEBUG: ran git merge 31f332397bd7457164d07398d3cb625d307dfe3d in 
DEBUG: LC_ALL=C JX_LOG_LEVEL=error git log --format=%H%x1f%an%x1f%ae%x1f%cn%x1f%ce%x1f%s%n%b%x1e c42e7eb4674c3d1505633ad0414c27fd9cc46e0f..HEAD
Merged SHA 31f332397bd7457164d07398d3cb625d307dfe3d with commit message 'chore: Promote bdd-spring-1585096255 to version 0.0.1' into base branch master

Showing logs for build [32mcb-kubecd-environment-pr-187-19-d74vh-1[0m stage [32mfrom-build-pack[0m and container [32mstep-build-helm-build[0m
WARNING: No $CHART_REPOSITORY defined so using the default value of: http://jenkins-x-chartmuseum:8080
Adding missing Helm repo: storage.googleapis.com https://storage.googleapis.com/chartmuseum.jenkins-x.io
WARNING: No secrets found on "helm/repos" due: reading the secret "helm/repos" from vault: no secret "helm/repos" not found in vault
Read credentials for https://storage.googleapis.com/chartmuseum.jenkins-x.io from vault helm/repos
Successfully added Helm repository storage.googleapis.com.
Adding missing Helm repo: jenkins-x-chartmuseum http://jenkins-x-chartmuseum:8080
WARNING: No secrets found on "helm/repos" due: reading the secret "helm/repos" from vault: no secret "helm/repos" not found in vault
Read credentials for http://jenkins-x-chartmuseum:8080 from vault helm/repos
Successfully added Helm repository jenkins-x-chartmuseum.
WARNING: No $CHART_REPOSITORY defined so using the default value of: http://jenkins-x-chartmuseum:8080
Adding missing Helm repo: chartmuseum.jenkins-x.io http://chartmuseum.jenkins-x.io
WARNING: No secrets found on "helm/repos" due: reading the secret "helm/repos" from vault: no secret "helm/repos" not found in vault
Read credentials for http://chartmuseum.jenkins-x.io from vault helm/repos
Successfully added Helm repository chartmuseum.jenkins-x.io.
